<?xml version="1.0" encoding="UTF-8"?>
<!-- Generated by org.testng.reporters.JUnitXMLReporter -->
<testsuite ignored="0" hostname="DESKTOP-VKSQJFC" failures="0" tests="3" name="Test" time="65.733" errors="0" timestamp="2024-01-01T15:57:09 IST">
  <testcase classname="script.InvalidLogin" name="testInvalidLogin" time="3.634"/>
  <testcase classname="script.ValidLogin" name="testValidLogin" time="2.543"/>
  <testcase classname="script.ValidLoginLogout" name="testValidLoginLogout" time="5.012"/>
</testsuite> <!-- Test -->
