<?xml version="1.0" encoding="UTF-8"?>
<!-- Generated by org.testng.reporters.JUnitXMLReporter -->
<testsuite ignored="0" hostname="DESKTOP-VKSQJFC" failures="1" tests="2" name="Test" time="17.335" errors="0" timestamp="2023-12-28T22:41:48 IST">
  <testcase classname="script.DemoTest" name="testA" time="1.473"/>
  <testcase classname="script.DemoTest2" name="testB" time="0.02">
    <failure type="java.lang.AssertionError" message="null">
      <![CDATA[java.lang.AssertionError: null
at script.DemoTest2.testB(DemoTest2.java:16)
at java.base/java.util.ArrayList.forEach(ArrayList.java:1511)
... Removed 27 stack frames]]>
    </failure>
  </testcase> <!-- testB -->
</testsuite> <!-- Test -->
