<?xml version="1.0" encoding="UTF-8"?>
<!-- Generated by org.testng.reporters.JUnitXMLReporter -->
<testsuite ignored="0" hostname="DESKTOP-VKSQJFC" failures="0" tests="3" name="Test" time="42.068" errors="0" timestamp="2024-01-01T16:03:06 IST">
  <testcase classname="script.InvalidLogin" name="testInvalidLogin" time="3.25"/>
  <testcase classname="script.ValidLogin" name="testValidLogin" time="2.828"/>
  <testcase classname="script.ValidLoginLogout" name="testValidLoginLogout" time="4.832"/>
</testsuite> <!-- Test -->
