<?xml version="1.0" encoding="UTF-8"?>
<testng-results ignored="0" total="3" passed="3" failed="0" skipped="0">
  <reporter-output>
    <line>
      <![CDATA[Err Msg is displayed]]>
    </line>
    <line>
      <![CDATA[Home Page is displayed]]>
    </line>
    <line>
      <![CDATA[Login Page is displayed]]>
    </line>
  </reporter-output>
  <suite started-at="2024-01-01T16:02:24 IST" name="Suite" finished-at="2024-01-01T16:03:06 IST" duration-ms="42068">
    <groups>
      <group name="regression">
        <method signature="ValidLogin.testValidLogin()[pri:1, instance:script.ValidLogin@dd8ba08]" name="testValidLogin" class="script.ValidLogin"/>
        <method signature="InvalidLogin.testInvalidLogin()[pri:2, instance:script.InvalidLogin@1a451d4d]" name="testInvalidLogin" class="script.InvalidLogin"/>
        <method signature="ValidLoginLogout.testValidLoginLogout()[pri:3, instance:script.ValidLoginLogout@245b4bdc]" name="testValidLoginLogout" class="script.ValidLoginLogout"/>
      </group> <!-- regression -->
      <group name="smoke">
        <method signature="ValidLogin.testValidLogin()[pri:1, instance:script.ValidLogin@dd8ba08]" name="testValidLogin" class="script.ValidLogin"/>
        <method signature="InvalidLogin.testInvalidLogin()[pri:2, instance:script.InvalidLogin@1a451d4d]" name="testInvalidLogin" class="script.InvalidLogin"/>
        <method signature="ValidLoginLogout.testValidLoginLogout()[pri:3, instance:script.ValidLoginLogout@245b4bdc]" name="testValidLoginLogout" class="script.ValidLoginLogout"/>
      </group> <!-- smoke -->
    </groups>
    <test started-at="2024-01-01T16:02:24 IST" name="Test" finished-at="2024-01-01T16:03:06 IST" duration-ms="42068">
      <class name="script.ValidLoginLogout">
        <test-method is-config="true" signature="preCondition(java.lang.String,java.lang.String,java.lang.String,java.lang.String,java.lang.String,java.lang.String)[pri:0, instance:script.ValidLoginLogout@245b4bdc]" started-at="2024-01-01T16:02:52 IST" name="preCondition" finished-at="2024-01-01T16:03:00 IST" duration-ms="7791" status="PASS">
          <params>
            <param index="0">
              <value>
                <![CDATA[no]]>
              </value>
            </param>
            <param index="1">
              <value>
                <![CDATA[http://localhost:4444]]>
              </value>
            </param>
            <param index="2">
              <value>
                <![CDATA[firefox]]>
              </value>
            </param>
            <param index="3">
              <value>
                <![CDATA[https://opensource-demo.orangehrmlive.com/web/index.php/auth/login]]>
              </value>
            </param>
            <param index="4">
              <value>
                <![CDATA[9]]>
              </value>
            </param>
            <param index="5">
              <value>
                <![CDATA[9]]>
              </value>
            </param>
          </params>
          <reporter-output>
          </reporter-output>
        </test-method> <!-- preCondition -->
        <test-method signature="testValidLoginLogout()[pri:3, instance:script.ValidLoginLogout@245b4bdc]" started-at="2024-01-01T16:03:00 IST" name="testValidLoginLogout" finished-at="2024-01-01T16:03:04 IST" duration-ms="4832" status="PASS">
          <reporter-output>
            <line>
              <![CDATA[Login Page is displayed]]>
            </line>
          </reporter-output>
        </test-method> <!-- testValidLoginLogout -->
        <test-method is-config="true" signature="postCondition(org.testng.ITestResult)[pri:0, instance:script.ValidLoginLogout@245b4bdc]" started-at="2024-01-01T16:03:04 IST" name="postCondition" finished-at="2024-01-01T16:03:06 IST" duration-ms="1847" status="PASS">
          <params>
            <param index="0">
              <value>
                <![CDATA[[TestResult name=testValidLoginLogout status=SUCCESS method=ValidLoginLogout.testValidLoginLogout()[pri:3, instance:script.ValidLoginLogout@245b4bdc] output=Login Page is displayed]]]>
              </value>
            </param>
          </params>
          <reporter-output>
          </reporter-output>
        </test-method> <!-- postCondition -->
      </class> <!-- script.ValidLoginLogout -->
      <class name="script.InvalidLogin">
        <test-method is-config="true" signature="preCondition(java.lang.String,java.lang.String,java.lang.String,java.lang.String,java.lang.String,java.lang.String)[pri:0, instance:script.InvalidLogin@1a451d4d]" started-at="2024-01-01T16:02:24 IST" name="preCondition" finished-at="2024-01-01T16:02:34 IST" duration-ms="9856" status="PASS">
          <params>
            <param index="0">
              <value>
                <![CDATA[no]]>
              </value>
            </param>
            <param index="1">
              <value>
                <![CDATA[http://localhost:4444]]>
              </value>
            </param>
            <param index="2">
              <value>
                <![CDATA[firefox]]>
              </value>
            </param>
            <param index="3">
              <value>
                <![CDATA[https://opensource-demo.orangehrmlive.com/web/index.php/auth/login]]>
              </value>
            </param>
            <param index="4">
              <value>
                <![CDATA[9]]>
              </value>
            </param>
            <param index="5">
              <value>
                <![CDATA[9]]>
              </value>
            </param>
          </params>
          <reporter-output>
          </reporter-output>
        </test-method> <!-- preCondition -->
        <test-method signature="testInvalidLogin()[pri:2, instance:script.InvalidLogin@1a451d4d]" started-at="2024-01-01T16:02:34 IST" name="testInvalidLogin" finished-at="2024-01-01T16:02:37 IST" duration-ms="3250" status="PASS">
          <reporter-output>
            <line>
              <![CDATA[Err Msg is displayed]]>
            </line>
          </reporter-output>
        </test-method> <!-- testInvalidLogin -->
        <test-method is-config="true" signature="postCondition(org.testng.ITestResult)[pri:0, instance:script.InvalidLogin@1a451d4d]" started-at="2024-01-01T16:02:37 IST" name="postCondition" finished-at="2024-01-01T16:02:39 IST" duration-ms="1790" status="PASS">
          <params>
            <param index="0">
              <value>
                <![CDATA[[TestResult name=testInvalidLogin status=SUCCESS method=InvalidLogin.testInvalidLogin()[pri:2, instance:script.InvalidLogin@1a451d4d] output=Err Msg is displayed]]]>
              </value>
            </param>
          </params>
          <reporter-output>
          </reporter-output>
        </test-method> <!-- postCondition -->
      </class> <!-- script.InvalidLogin -->
      <class name="script.ValidLogin">
        <test-method is-config="true" signature="preCondition(java.lang.String,java.lang.String,java.lang.String,java.lang.String,java.lang.String,java.lang.String)[pri:0, instance:script.ValidLogin@dd8ba08]" started-at="2024-01-01T16:02:39 IST" name="preCondition" finished-at="2024-01-01T16:02:47 IST" duration-ms="7657" status="PASS">
          <params>
            <param index="0">
              <value>
                <![CDATA[no]]>
              </value>
            </param>
            <param index="1">
              <value>
                <![CDATA[http://localhost:4444]]>
              </value>
            </param>
            <param index="2">
              <value>
                <![CDATA[firefox]]>
              </value>
            </param>
            <param index="3">
              <value>
                <![CDATA[https://opensource-demo.orangehrmlive.com/web/index.php/auth/login]]>
              </value>
            </param>
            <param index="4">
              <value>
                <![CDATA[9]]>
              </value>
            </param>
            <param index="5">
              <value>
                <![CDATA[9]]>
              </value>
            </param>
          </params>
          <reporter-output>
          </reporter-output>
        </test-method> <!-- preCondition -->
        <test-method signature="testValidLogin()[pri:1, instance:script.ValidLogin@dd8ba08]" started-at="2024-01-01T16:02:47 IST" name="testValidLogin" finished-at="2024-01-01T16:02:50 IST" duration-ms="2828" status="PASS">
          <reporter-output>
            <line>
              <![CDATA[Home Page is displayed]]>
            </line>
          </reporter-output>
        </test-method> <!-- testValidLogin -->
        <test-method is-config="true" signature="postCondition(org.testng.ITestResult)[pri:0, instance:script.ValidLogin@dd8ba08]" started-at="2024-01-01T16:02:50 IST" name="postCondition" finished-at="2024-01-01T16:02:52 IST" duration-ms="2123" status="PASS">
          <params>
            <param index="0">
              <value>
                <![CDATA[[TestResult name=testValidLogin status=SUCCESS method=ValidLogin.testValidLogin()[pri:1, instance:script.ValidLogin@dd8ba08] output=Home Page is displayed]]]>
              </value>
            </param>
          </params>
          <reporter-output>
          </reporter-output>
        </test-method> <!-- postCondition -->
      </class> <!-- script.ValidLogin -->
    </test> <!-- Test -->
  </suite> <!-- Suite -->
</testng-results>
